<?xml version="1.0" encoding="UTF-8"?>
<!-- Generated by org.testng.reporters.JUnitReportReporter -->
<testsuite hostname="DESKTOP-192185L" failures="0" tests="1" name="practie.TestngTest" time="0.019" errors="0" timestamp="2022-07-12T14:59:05 IST" skipped="0">
  <testcase classname="practie.TestngTest" name="loginTest" time="0.019"/>
  <system-out/>
</testsuite> <!-- practie.TestngTest -->
